<?xml version="1.0" encoding="UTF-8"?>
<!-- Generated by org.testng.reporters.JUnitXMLReporter -->
<testsuite ignored="0" hostname="DESKTOP-FA2K36P" failures="2" tests="2" name="Test" time="43.246" errors="0" timestamp="2024-07-22T14:33:01 IST">
  <testcase classname="listener.FbTest" name="titleCheck" time="8.692">
    <failure type="java.lang.AssertionError" message="expected [Fb] but found [Facebook – log in or sign up]">
      <![CDATA[java.lang.AssertionError: expected [Fb] but found [Facebook – log in or sign up]
at listener.FbTest.titleCheck(FbTest.java:20)
at java.base/java.util.ArrayList.forEach(ArrayList.java:1511)
... Removed 33 stack frames]]>
    </failure>
  </testcase> <!-- titleCheck -->
  <testcase classname="listener.FbTest" name="login" time="34.194">
    <failure type="java.lang.AssertionError" message="expected [Fb] but found [Error]">
      <![CDATA[java.lang.AssertionError: expected [Fb] but found [Error]
at listener.FbTest.login(FbTest.java:33)
at java.base/java.util.ArrayList.forEach(ArrayList.java:1511)
... Removed 33 stack frames]]>
    </failure>
  </testcase> <!-- login -->
</testsuite> <!-- Test -->
