<?xml version="1.0" encoding="UTF-8"?>
<!-- Generated by org.testng.reporters.JUnitXMLReporter -->
<testsuite ignored="0" hostname="DESKTOP-FA2K36P" failures="0" tests="3" name="Default test" time="16.558" errors="0" timestamp="2024-08-06T12:53:53 IST">
  <testcase classname="com.screens.HomePage" name="a1homepageopen" time="6.792"/>
  <testcase classname="com.screens.HomePage" name="a2logocheck" time="0.504"/>
  <testcase classname="com.screens.HomePage" name="a3headeroptionsclick" time="9.191"/>
</testsuite> <!-- Default test -->
